 Server listening on port 3000
 MongoDB connected
 Server listening on port 3000
 MongoDB connected
 Server listening on port 3000
 MongoDB connected
 Server listening on port 3000
 MongoDB connected
 Socket connected: aSMEkzRKJa7cxRzOAAAB
 Socket connected: 65sJaIVA9leMVMQSAAAD
 Socket connected: XV_Y8idTLrLsoTCxAAAF
 Socket connected: LRxDB2kjWLrqDwgRAAAH
 Socket connected: QNDw0yIY9B3C4jlLAAAJ
 Socket connected: ozRfrhLu0wBssSMyAAAL
 Socket connected: EjvoGNK2PBiDkoQ4AAAN
 Socket connected: c3PE3Yxsg_xXvWeAAAAP
 Socket connected: YlhRFEYQhK6n-b5aAAAR
 Socket connected: m1Enr8GIJJrLXNtOAAAT
 Socket connected: ZwG4AVS6sKOUmbKfAAAV
 Socket connected: TIWokK2eWMDHG2h1AAAX
 Socket connected: y1BHd3q0uF5nAEWlAAAZ
 Socket connected: t7oTDMaMleW05hNfAAAb
 Socket connected: bI6TyIDtg-69kqNEAAAd
 Socket connected: TtD3M_Qt5FDn5ZPFAAAf
 Socket connected: JRWt-vr5bUvmtPHzAAAh
 Socket connected: Viw1Jgv7fk-HFkl5AAAj
 Socket connected: iS5SWwIUhkgzPF2DAAAl
 Socket connected: izjNt2ACrU-gifekAAAn
 Socket connected: xsefnVGz8f3YLZegAAAp
 Socket connected: 1SgfbrN1IedttMOpAAAr
 Socket connected: jKHwjKTXGoQuy_0SAAAt
 Socket connected: FqDsM2beFBdhXhGiAAAv
 Socket connected: BGb4iTN709cTimhAAAAx
 Socket connected: xJLcHNVphNJyYeD5AAAz
 Socket connected: IE40OlkRwuYgJpL-AAA1
 Socket connected: HK5G7gHJCXU8K0MNAAA3
 Socket connected: vYDbVlr3uMLjdYt3AAA5
 Socket connected: WSJqJOEmELqvADfTAAA7
 Socket connected: Zy-E9aNChqR9TS6PAAA9
 Socket connected: q2M4_UBCYAT72Z6RAAA_
 Socket connected: DM8mccAPcGY0MvynAABB
 Socket connected: yS7XADFvX1c7WYQbAABD
 Socket connected: neuxYEbxYZ0LYXCWAABF
 Socket connected: l1P8f1uk-y5PQGbLAABH
 Socket connected: qyfThx_O0nIk81XdAABJ
 Socket connected: 3FAK_jwkxOYXrDorAABL
 Socket connected: Pz8dh2-AKFK28dzzAABN
 Socket connected: JKqPXKccPgAwaftzAABP
 Socket connected: eLW0DiH0N6kihqJwAABR
 Socket connected: bY35j82777SSC9IeAABT
 Socket connected: Vxdtqq3KAE-bn25RAABV
 Socket connected: e0LhUOi0CCBwdpdbAABX
 Socket connected: B_czi7P-Vf-6oyOOAABZ
 Socket connected: iNtdLcij_ugGE97YAABb
 Socket connected: O_CDIh67-4Kx5wd6AABd
 Socket connected: jxOZb5N-Ymh5wWZaAABf
 Socket connected: WzMLv92l6tuofzMtAABh
 Socket connected: WRLacJ-9QmL-wCcRAABj
 Socket connected: IklOgv0YYzJASWa2AABl
 Socket connected: AI5Ycznh-tdBnesSAABn
 Socket connected: VcFq1cZvVk_Wtt23AABp
 Socket connected: PEJ6-dZElzPwKK89AABr
 Socket connected: x2WSgCGTpTFb45uoAABt
 Socket connected: inTfHXhSni7tXPdoAABv
 Socket connected: 83ay_wwjtX0pno_6AABx
 Socket connected: K9hTrCkXwwYakrmoAABz
 Socket connected: IMj7QevIiRpEKaXYAAB1
 Socket connected: v6vVIzwwhRdonIKtAAB3
 Socket connected: nUYx_2Jyx7qT5yXZAAB5
 Socket connected: 1w85bhF0c4Zo2iZIAAB7
 Socket connected: d2J7mwaSrZ8TSlnSAAB9
 Socket connected: Ic6PmLr8ZJI0l-1oAAB_
 Socket connected: bQ2anLemnC3JPzOcAACB
 Socket connected: iCAuV-HqiScIAYRUAACD
 Socket connected: eHz6ehiRCgAJ8y71AACF
 Socket connected: E6R0P_Q3Q6ep41fIAACH
 Socket connected: j-6cAFg_mLYmCJi5AACJ
 Socket connected: GOvd5Zbou_ACvqIiAACL
 Socket connected: -qATZFTp0mTRcDwmAACN
 Socket connected: CwfAUvok6Qdu7zxPAACP
 Socket connected: zQxp6o3TqM9x9FuHAACR
 Socket connected: mGh6NWdtzM_YkFKLAACT
 Socket connected: chVCZN6pnBQCQDRKAACV
 Socket connected: vljuVC0P9_RO3ND2AACX
 Socket connected: pQRXNBf893XtZSHvAACZ
 Socket connected: BfBOYBkh17eZYRvQAACb
 Socket connected: 5QRaNPv9Ame4YDQnAACd
 Socket connected: 65OQrKUiWDLhC3UhAACf
 Socket connected: 6wDx9-MbV-6AMMgJAACh
 Socket connected: -PciKpNL4xw2tdplAACj
 Socket connected: ASe1zE_KA_WsA-MvAACl
 Socket connected: zgUVknIFE8b5crJzAACn
 Socket connected: 3llwNWyjFK1-6MiOAACp
 Socket connected: 60PMxiwujocIkgVJAACs
 Socket connected: 9DAZqI40SyIRKWV_AACu
 Socket connected: PDKbc20Fw9niN6B_AACw
 Socket connected: Bve0lvcTJikQYUKaAACy
 Socket connected: zBaPnczdmL_hkt6wAAC0
 Socket connected: KdrOp40_3iOy_Y35AAC2
 Socket connected: sEE8WVDMYePO0Do0AAC4
 Socket connected: OkKmfhDVc0_K-D4bAAC6
 Socket connected: cmz4YrrCQVz7_YXbAAC8
 Socket connected: 2trC87oPuw-83vyHAAC-
 Socket connected: IAbSzC8dvpbyURJ9AADA
 Socket connected: qHszniMwm0xK1omTAADC
 Socket connected: 5JZY4Yh0L_Y6dwBbAADE
 Socket connected: uHzRHfSLYTVt5x6jAADG
 Socket connected: _Yljd506srsuj3kAAADI
 Socket connected: GSlIQA1Fwzcz9IgWAADK
 Socket connected: etx2nySjkBVMlA1XAADM
 Socket connected: 7Ljr37RwvxdkNSqEAADO
 Socket connected: JtE-3PXrE69jgQJ0AADQ
 Socket connected: Bhp3JwjQtn49OP1PAADS
 Socket connected: ptb5_Fe-7qeBKZ2_AADU
 Socket connected: Z6s8_TymKnYbVJnMAADW
 Socket connected: -h1rZiQq8QXEUR7qAADY
 Socket connected: 46H7foiJDvtQO9RwAADa
 Socket connected: b_rGPUXQ7qgV0eItAADc
 Socket connected: 6VRULH41ghNBKp9KAADe
 Socket connected: zTOiOSI7bZOo4HIuAADg
 Socket connected: UQLpWYYYFCBfIVENAADi
 Socket connected: Jjegqm8EzcMLpNv8AADk
 Socket connected: U1m1M_Fb6pjkierBAADm
 Socket connected: KXUwUi0tHYFFk3tjAADo
 Socket connected: ti_G3WXpQNWwjWbAAADq
 Socket connected: gnA1_TWDd2VpVbViAADs
 Socket connected: _Brr2Y-54-HaRqwDAADu
 Socket connected: 53_muSYp4olX_SwxAADw
 Socket connected: 047pDsrxswFFnZStAADy
 Socket connected: K3tmuhSk0T8juYknAAD0
 Socket connected: oddiY2FwfU5Dp03BAAD2
 Socket connected: 6gaiNqMIZ2XMju-PAAD4
 Socket connected: mwU7uH12rToYDZrKAAD6
 Socket connected: 7XKxLHvV0iqdgciIAAD8
 Socket connected: uNwC66ZV1lvk2ughAAD-
 Socket connected: L5w8ukKaHi5CC9SAAAEA
 Socket connected: -M8s-TMNGeXM6BtBAAEC
 Socket connected: aQjjQGRTXQiJ3jq1AAEE
 Socket connected: MuiMw5e9yvC5Ha-KAAEG
 Socket connected: pfCElJxH8U_w-xuIAAEI
 Socket connected: YDkfIvtuppKJkPbxAAEK
 Socket connected: Lo9Bz2kc8bfdgjmcAAEM
 Socket connected: Hcf0LZQS0onfmP9FAAEO
 Socket connected: U9LJF9NsDBkpsVunAAEQ
 Socket connected: O83El-INMXWktlAVAAES
 Socket connected: 7JLKKZVRiKa8sPTYAAEU
 Socket connected: f9TPr4G2X0xFPckSAAEW
 Socket connected: y0dqIaQXA3AKp_1fAAEY
 Socket connected: hZn4IC2UmOIV6YIyAAEa
 Socket connected: 40fh_aE0K3ST7nN0AAEc
 Socket connected: 8hfV86Oo4trXoJ3KAAEe
 Socket connected: HV0mCbEe0DjLIZ7xAAEg
 Socket connected: P6gwSgB4xHx7c4ErAAEi
 Socket connected: cXMo9AGRXLYsx3hHAAEk
 Socket connected: hRsht9qVncaGVttkAAEm
 Socket connected: wATiUTTFKR0heo9IAAEo
 Socket connected: lBGWXRBKt6BWEJCaAAEq
 Socket connected: 4fR0t3kpZC5FIxJbAAEs
 Socket connected: ZDfCmndEvKtARqNoAAEu
 Socket connected: xczJzdBiy1cprsN7AAEw
 Socket connected: ZQ-ruogRURfUoIFoAAEy
 Socket connected: 79fxkbUQ1FDAp58SAAE0
 Socket connected: nrwAjJp8Ccl0ntLxAAE2
 Socket connected: 9Y5_3jyjTmHD26AfAAE4
 Socket connected: onnpJ80PsYonFo48AAE6
 Socket connected: z4rwdwfBC9yJdoa7AAE8
 Socket connected: -cX_CeeZgi69jR3qAAE-
 Socket connected: CKiF_x_KqPtKyHKfAAFA
 Socket connected: l54dxdfctAC70icgAAFC
 Socket connected: OBemO4WniaUA1xBtAAFE
 Socket connected: S3CyIfq-zsfkKoFIAAFG
 Socket connected: dzefYaMMFseFCXNRAAFI
 Socket connected: 2XxEcT-laPAZ4FceAAFK
 Socket connected: BkKzyLRZIq87r3-tAAFM
 Socket connected: GSH-ar727i6PrhfsAAFO
 Socket connected: vLR0jYSvWPUJr3W_AAFQ
 Socket connected: 5SF7VvmYDA8po8M6AAFS
 Socket connected: NaaJVDVhRBcwcdD-AAFU
 Socket connected: 26vODvEwxPWR4BeBAAFW
 Socket connected: m1B3CjCW5eUoiUSSAAFY
 Socket connected: 120dpGIPowUHnEHyAAFa
 Socket connected: Bm-sKcOUB6l0t9UPAAFc
 Socket connected: 1yjjXHn0pt_oOYFjAAFe
 Socket connected: PyEF2gozLt_z748eAAFg
 Socket connected: uMENCCEGq4-8rWX1AAFi
 Socket connected: dzIXVE-EiuWCKnaxAAFk
 Socket connected: gHbPTzAjRP_qAk7EAAFm
 Socket connected: UK8SCLdmO-TcpeA9AAFo
 Socket connected: wqooROteVYyovIPaAAFq
 Socket connected: Y6jzxDnYXkEyQvYEAAFs
 Socket connected: UtkQRcfGvXbmBJCQAAFu
 Socket connected: 9FIPRlyyCVmX6BgoAAFw
 Socket connected: xYGTLLX9_Kev6fz0AAFy
 Socket connected: 5q08zV-NUmC_NDWDAAF0
 Socket connected: AsBNY3DdHPdja6KBAAF2
 Socket connected: DENUxA_ekGdid_JPAAF4
 Socket connected: 3Mc34Iwd3Mfuq9LOAAF6
 Socket connected: l2gixLKpI3GoEsspAAF8
 Socket connected: MfCm9yoBc9qj0ClGAAF-
 Socket connected: 6WGov1fKfXOyb-TSAAGA
 Socket connected: sl4VfDk4KFTfuB1NAAGC
 Socket connected: qT-HAmXOWBj47OA2AAGE
 Socket connected: qXEh7cvQr__bkDeAAAGG
 Socket connected: AYuUyenEp_FwoAT8AAGI
 Socket connected: MnZpapQX5vmqspyOAAGK
 Socket connected: K0WB_4tZTYFpm4SVAAGM
 Socket connected: 7H1wrBKC4JA-ZrN4AAGO
 Socket connected: 44_5gtBtPGMb275ZAAGQ
 Socket connected: w566Muvm2ZS_j0WTAAGS
 Socket connected: J0cnGgWHO5foxhNOAAGU
 Socket connected: mT-eUlxXK33k1vyKAAGW
 Socket connected: Fupm0IH6ypHEHWnWAAGY
 Socket connected: Ap3AGLV59B64tbxQAAGa
 Socket connected: XNQj6WMJ3wo17MH8AAGc
 Socket connected: ExlcqW3IfE0Sxv-QAAGe
 Socket connected: yyvTUuKAGB45n32xAAGg
 Socket connected: 6oVWN1n51JOInAdMAAGi
 Socket connected: 4HumSrjOmtT7Xq02AAGk
 Socket connected: y_1sytvfTyrtZ65sAAGm
 Socket connected: RpQPCa3CzF07_aaMAAGo
 Socket connected: jZBvlRGcJhJVbeKSAAGq
 Socket connected: t9heYaUkwZJ7cRg1AAGs
 Socket connected: _XDdrzUujDkWfNiRAAGu
 Socket connected: fL3KcqXJIN9F5aUfAAGw
 Socket connected: o9FKn2nI1w14-kRwAAGy
 Socket connected: DAJ_E3C2D3LnKGjJAAG0
 Socket connected: JwPCV2ri2ZfGLc3KAAG2
 Socket connected: L25cO-lfWS1j75F9AAG4
 Socket connected: YXpstircqOVtFhZuAAG6
 Socket connected: hjTnkOC8xMotTLKlAAG8
 Socket connected: R7VI4hQDpJAnTKgeAAG-
 Socket connected: JPd_et1c7GA12Z70AAHA
 Socket connected: sNqiEsy5lWHkGKR3AAHC
 Socket connected: A2cqS3I9GHe92IOeAAHE
 Socket connected: GyqNYLVxw3-X1MWcAAHG
 Socket connected: -4pqWWZUyqWZnX_JAAHI
 Socket connected: 1pzM_mJut6mWmiemAAHK
 Socket connected: OTJKbx8mkWrR4jhXAAHM
 Socket connected: 7jTNwFPr7Y66CW5vAAHO
 Socket connected: -mM4VjI4InLHi2FZAAHQ
 Socket connected: nNwlwBUGbvqw7H47AAHS
 Socket connected: eLVa7x76oFiUr7PKAAHU
 Socket connected: L7af0i9h8PzBKUdQAAHW
 Socket connected: WVSg7xXPCmHkWXr8AAHY
 Socket connected: 53BpAiqTtT8WSP0OAAHa
 Socket connected: KrGcPStZNMduisdLAAHc
 Socket connected: eCri-9FtgA8UNtgTAAHe
 Socket connected: KxP3rKzUBL-HeGpyAAHg
 Socket connected: 3tox72O5DzYZNhZyAAHi
 Socket connected: Ek2pEM5ktLayPyOOAAHk
 Socket connected: MSC9xaxEoHPIOGJWAAHm
 Socket connected: 3tRNGTaghOQV6r2WAAHo
 Socket connected: uMr3Zg_GkDkZjZjMAAHq
 Socket connected: 6e3cORoE-iraRRi0AAHs
 Socket connected: -qdHBbZa3T6yaglAAAHu
 Socket connected: Q_21T533S8zvw8daAAHw
 Socket connected: hskKtA7xaXuBUG4FAAHy
 Socket connected: jDrPsrbdHCnvVenUAAH0
 Socket connected: V7kxahABfciBbEEVAAH2
 Socket connected: fPSvvRBZ5ttnDFXFAAH4
 Socket connected: 1-FrkM9W7B0DKLGDAAH6
 Socket connected: tsM7RvOqS6r4R1cpAAH8
 Socket connected: urtTIuEhJH1ucEbHAAH-
 Socket connected: 4_zYX1Ta5V96X5gmAAIA
 Socket connected: tF0HCfpsvcAFu1L5AAIC
 Socket connected: 0txbmizHysxgPf7YAAIE
 Socket connected: gprLjRY1PuJg0F3pAAIG
 Socket connected: DkVs_Bh8fqXKIWHsAAII
 Socket connected: 3n1T2IEcHdd9RhwFAAIK
 Socket connected: F6pHcosjeXtXSmIRAAIM
 Socket connected: gpIQGDzROXxqGHDLAAIO
 Socket connected: Qvlp26s6XuwMzNwOAAIQ
 Socket connected: Klv1ynhAuK3q79rrAAIS
 Socket connected: JghmqfE_UJt2z8iwAAIU
 Socket connected: -dYtTmlxNh-4IxKsAAIW
 Socket connected: zKS8I7A7Us7tlDyoAAIY
 Socket connected: uC70uQWEXly176FlAAIa
 Socket connected: WKdjx99UiBhnp6GWAAIc
 Socket connected: 43m8xEBC8rT7zOhIAAIe
 Socket connected: c3qP1-5aEwK4LzrWAAIg
 Socket connected: jrhm8ACeuYRDBUBfAAIi
 Socket connected: KWjph8RhyzicAl0TAAIk
 Socket connected: ScpwZTXkpTYmVbIRAAIm
 Socket connected: et4mfwAZ9_2fja5NAAIo
 Socket connected: eg2cP-M0aQaw5FyrAAIq
 Socket connected: DE5rRrTPA0gch1mgAAIs
 Socket connected: zns-y2ObTCBTqfDIAAIu
 Socket connected: v-AaSi7Uz47zchsyAAIw
 Socket connected: oTX9vUYwVal-3QrAAAIy
 Socket connected: WvuiFbsoW_bx0c9iAAI0
 Socket connected: jTkStS4omp3s-bkFAAI2
 Socket connected: PSdAbau7-VBGxQweAAI4
 Socket connected: w51h4bC4HBezRaGmAAI6
 Socket connected: fdGoSI-B1j1HXF9aAAI8
 Socket connected: Jkw0ZaqaWg4AGTnDAAI-
 Socket connected: rR5WkBNci13vD35LAAJA
 Socket connected: YsbwXgR1Hx-TvWU2AAJC
 Socket connected: T33u1sIuV6tRqeElAAJE
 Socket connected: aWDqgg7zEpCsbktjAAJG
 Socket connected: hOE0UGbuF9TTQsNxAAJI
 Socket connected: BjhIY_w6IZpEDp59AAJK
 Socket connected: gmh7IeyAXXBjXm_1AAJM
 Socket connected: yfMXNMj1UHtig_M5AAJO
 Socket connected: VAo1nm-DGdjamWoMAAJQ
 Socket connected: OW6aQaSQqz9q0ZQOAAJS
 Socket connected: ll4wnEwWPHeEvZHVAAJU
 Socket connected: 5bPp4UctavrHK3AFAAJW
 Socket connected: t1xmExGBGWvekFcSAAJY
 Socket connected: qBVDO71WVenCfvsaAAJa
 Socket connected: exb4xQbsagVVvsDJAAJc
 Socket connected: aIQoqx2vxxZZx_7pAAJe
 Socket connected: 4iYwc97JoPZfKAPTAAJg
 Socket connected: LEbl3GmmnzUJERzDAAJi
 Socket connected: V0qNUB7d0fWsmNZJAAJk
 Socket connected: PgDTE7EprFSFsry6AAJm
 Socket connected: gZXKM9QjEHohs1dhAAJo
 Socket connected: FS_Ad9fbSekEXjdWAAJq
 Socket connected: IfZMR7gop_mSq2LUAAJs
 Socket connected: M5wHM2V4s83yL6AVAAJu
 Socket connected: pn8TRC1BEqbvEirUAAJw
 Socket connected: KsLJ002uJF3CtTpkAAJy
 Socket connected: CpugaJrP1wjvj-WGAAJ0
 Socket connected: QOh7uSzqB0kRNKQJAAJ2
 Socket connected: UCKd0lnDWcJ71BjmAAJ4
 Socket connected: p7rU_nph1FUela34AAJ6
 Socket connected: wuuVW5wAE4XCQEhAAAJ8
 Socket connected: Dl2CJwgARRmf2ZeHAAJ-
 Socket connected: EFSIiEIB2BPvbuNbAAKA
 Socket connected: wS22CCZF7zaGWse0AAKC
 Socket connected: WloSrMPwCdEbskBUAAKE
 Socket connected: xpMjXnxvb_JEIyKmAAKG
 Socket connected: 76M6sakpDokoYfZ2AAKI
 Socket connected: WQIMB7BdhOeCESyPAAKK
 Socket connected: 7bssAjzdhodAD_elAAKM
 Socket connected: bF6YNhS3g2LXIlPKAAKO
 Socket connected: s9-Y0CGpf7Z3VAuyAAKQ
 Socket connected: toiB-ubuvG52sL9eAAKS
 Socket connected: KuBQyoBpNm4Y7T8KAAKU
 Socket connected: v4cSaa-uzy7ZmxMMAAKW
 Socket connected: r-MBWVHv-8f9cQpAAAKY
 Socket connected: qq-wGf_Z2ymFpCo_AAKa
 Socket connected: D3iK13ofB4UrRAyaAAKc
 Socket connected: mn2neQwfiTutcn55AAKe
 Socket connected: qzwhrrc1v3_gFH1EAAKg
 Socket connected: 4AKErLe7_MBNoa8mAAKi
 Socket connected: baAjQBQmiNTj17ZOAAKk
 Socket connected: 1bnpIRp_jaciEdSRAAKm
 Socket connected: 5wnPvHKJBuDkyjaHAAKo
 Socket connected: 3KwXm9yWvgYqHdSnAAKq
 Socket connected: 6f7mqZeWU5PV7qTzAAKs
 Socket connected: 87rsTjOLztTVilC6AAKu
 Socket connected: 13iV_6aFyDpfpzg5AAKw
 Socket connected: 7Ut_WmpVBQI6XVxmAAKy
 Socket connected: VMzH3nW4MNgWpulKAAK2
 Socket connected: 6x76iYbGs_5wry7HAAK6
 Socket connected: LStsiSYNuDfGHqh0AALA
 Socket connected: gW1RsDYVVNn6A7XBAALD
 Socket connected: -OEljgUqE2p58ShMAALF
 Socket connected: A3jm8nFSlan8vq9OAALH
 Socket connected: GpgPPGFKheG-p_9MAALK
 Socket connected: mVeST4zWTMqSMzs8AALM
 Socket connected: d5GjplR1QCMZN6g3AALO
 Socket connected: Tfi37rKgOy773q9wAALQ
 Socket connected: qEMilLQ3fE1pbdgPAALS
 Socket connected: DUOWbj3UoMDNiAgJAALU
 Socket connected: GIZoxGD7xnEH4AUiAALW
 Socket connected: q8oSSrnQh3MLgcxEAALY
 Socket connected: O8uDu0RKzJmNTwxxAALa
 Socket connected: WK8mkBVIVORuRNDKAALd
 Socket connected: EIB17GZm1rb8QJ2nAALh
 Socket connected: fuBuUgm6pfPrtdndAALj
 Socket connected: t7kBFHYppCVoipkjAALl
 Socket connected: GcrxLXypfBTGPsMOAALn
 Socket connected: 9Pb-CAf982T99Y2BAALp
 Socket connected: XoAdbsPuBTo3mEwXAALr
 Socket connected: eHkPCPYFD4GKNsR_AALt
 Socket connected: DjT8jwdDVTAodprLAALv
 Socket connected: UUy_d7B8i0iUPmQiAALx
 Socket connected: QL2CgM9Tol-gZSXdAALz
 Socket connected: Q0bi1XkpUCf413sdAAL1
 Socket connected: tucMAJKc5C2p7eRuAAL3
 Socket connected: -yTLYRb1gaH0uhdaAAL5
 Socket connected: nOknWotLZqmpjo6yAAL7
 Socket connected: H1x6qx5CeWM0-61UAAL9
 Socket connected: tbgr0DUAToNEBpMMAAL_
 Socket connected: SS6g5wdugysOhfYRAAMB
 Socket connected: 48sr96oeK2TSSpszAAMD
 Socket connected: Kfw1dPWqaBHsbaWYAAMF
 Socket connected: QlnJFurX9h89YchaAAMH
 Socket connected: cJ9A0EVjiZzzwjRrAAMJ
 Socket connected: e09eC6K18XyEdpS6AAML
 Socket connected: DB7IZbL4gYa3BZa9AAMN
 Socket connected: -U4Vv3gT4VPKKOupAAMP
 Socket connected: -EirgsgTvc94-F-QAAMR
 Socket connected: oyeJec4v9yj6p2ycAAMT
 Socket connected: DKFsOuNIY-A9ZdfJAAMV
 Socket connected: 4uzrfcUdzWl-ZMCcAAMX
 Socket connected: O0RIChOdMdP_vqLBAAMZ
 Socket connected: sp-wHIqeyqoC-JR_AAMb
 Socket connected: A_6kexzhe65ObpB2AAMd
 Socket connected: e-9z5ToFnRw4iATCAAMf
 Socket connected: 3t9g09Ml0Y3k8G7zAAMh
 Socket connected: 3QlyJ0ZVNVSloATSAAMk
 Socket connected: VQBGK68UgUrOdUaWAAMm
 Socket connected: TDX_zyf-wJI9p_u7AAMo
 Socket connected: VjHC0M7b5KRkgQ3WAAMq
 Socket connected: TsaotbhQdPwNRpcdAAMt
 Socket connected: N8kMQeNDEz_A4JIwAAMv
 Socket connected: Ho_GpV15e4R650RMAAMy
 Socket connected: tZ9V6lH62epABlHXAAM3
 Socket connected: MNNNIcbYwcfH7q0JAAM5
 Socket connected: B1xrnextXR91MY8aAAM7
 Socket connected: uRGMS3-q3zXIp3Z0AAM9
 Socket connected: BG5bwuJMvXFdUSR6AAM_
 Socket connected: lImOAu390f7v7cHgAANB
 Socket connected: G9fBh3fRUAok0xI4AAND
 Socket connected: cVZb0MWpNi54wHsuAANF
 Socket connected: oEvLBz5ztCq1_bvdAANH
 Socket connected: OLWaZ5hRMgdEmWlTAANJ
 Socket connected: 9VXAvMavWzuCs8iEAANL
 Socket connected: kpu5-KqOd5kp-rr5AANO
 Socket connected: u__porLMpcYb4PxXAANQ
 Socket connected: _bITdVGYCG_AbaqfAANS
 Socket connected: XCvBAGvO0dt5nOO7AANU
 Socket connected: ZjVtBUtSk_mJMoFRAANW
 Socket connected: _LENE-8f37jN1nUjAANY
 Socket connected: MbZulImbyx80GusZAANa
 Socket connected: ovU82YqZkOESsk1QAANc
 Socket connected: YvgxLNi4RLN24di8AANe
 Socket connected: dcuIzMsz6VKtdn26AANg
 Socket connected: 8M5i6KOZVWztQnHeAANi
 Socket connected: HVcAzWi0nBZNDlWtAANk
 Socket connected: FntOhuXQ_T2DHLptAANn
 Socket connected: z2WBvbcBMefwwPlNAANp
 Socket connected: zeKwxbJC6b-vXS6IAANs
 Socket connected: q179RYz5twN9yD2iAANu
 Socket connected: 40i00OOLdgpuS518AANw
 Socket connected: Iy9uytShvjwUaTiEAANy
 Socket connected: DqcpLrBMPC1Vc0j1AAN0
 Socket connected: XWgJBnDmL1ejA97IAAN2
 Socket connected: jX8WYca8ZN6sHgCxAAN4
 Socket connected: 93vkVlxbwroT46YBAAN6
 Socket connected: -Er2T_MEFav6quqKAAN8
 Socket connected: J5tCLxncAr0BpFTfAAN-
 Socket connected: JD3MTqGhdxSZa9NHAAOA
 Socket connected: _RmxamKBOApxxZ2cAAOC
 Socket connected: iPKDzE54ptDKpd9fAAOE
 Socket connected: xMZ9OijhvYW6AIaYAAOG
 Socket connected: IPJzjf97yCzQQFN-AAOI
 Socket connected: Dbb2roY2aL_NIcnUAAOK
 Socket connected: r2I8exKuTD_-v-K7AAOM
 Socket connected: kD3zmRGbOxgRcA7OAAOO
 Socket connected: NqkbD8sVSpx7vhI3AAOQ
 Socket connected: ZFcyGixb3SDWW-YXAAOS
 Socket connected: KwmXWLet_x4KK0_mAAOU
 Socket connected: nWwhVih1ud1ZPHbDAAOW
 Socket connected: MR9atQV3CrnwXbmHAAOY
 Socket connected: 85Bf7hjw-yEoW939AAOa
 Socket connected: 9WeH_WsBjsCHCtAeAAOc
 Socket connected: V97_PjF-VX1xOmsrAAOe
 Socket connected: wfGsBjRg0YHI1aPSAAOg
 Socket connected: USvXt9fU1zlXUj_KAAOi
 Socket connected: cwdIvTQs4MQ1jNOQAAOk
 Socket connected: _SVbA5z41KDuABOHAAOm
 Socket connected: gGUK81L_w1RBr6e9AAOo
 Socket connected: PJPEgw9lXUy8h0geAAOq
 Socket connected: 35WeBZ6DqHILYsmuAAOs
 Socket connected: Y-zpS2d4iBk3C3GpAAOu
 Socket connected: q3MYZPKF1BoG6GSYAAOw
 Socket connected: 49MOUVUOYWpzZN5gAAOy
 Socket connected: OaJXf2GXUhBwWoUmAAO0
 Socket connected: J4vyE89WKG6YIA0SAAO2
 Socket connected: Ss2LaJgXk28nXpbIAAO4
 Socket connected: C1DdN4zyHbUcPNmPAAO6
 Socket connected: ohnysJKKrpPvQBvuAAO8
 Socket connected: by_dBgUx6urs7WbMAAO-
 Socket connected: LIf7YkZAIDtAMK9yAAPA
 Socket connected: daBSCT4uxbd_VCW-AAPC
 Socket connected: 4a0qLApOYSDM6PxSAAPE
 Socket connected: J3MaA1F8Q9f1K7n-AAPG
 Socket connected: c3f710Xf3cKhefb-AAPI
 Socket connected: _rr0htXwEByZlDWcAAPK
 Socket connected: Xz2BRCulZJffUhe5AAPM
 Socket connected: fo9E9eq7hn-9VOJaAAPO
 Socket connected: cguWkVLGBQqeHSk2AAPQ
 Socket connected: H2m_px3GVwdo74dyAAPS
 Socket connected: EPnHQISPjNIaSKFIAAPU
 Socket connected: obU3E_bd_80nY3dBAAPW
 Socket connected: e1dTTgdJv7QlX2eQAAPY
 Socket connected: gAenTFnZN2lXXaRlAAPa
 Socket connected: uD7ZDifXqA2bvj8NAAPc
 Socket connected: MMZuYfTGcqUFA4ycAAPe
 Socket connected: UDWy86qT8ge5M-qVAAPg
 Socket connected: nBEcxJfBnVYEhOjlAAPi
 Socket connected: dfIBbp__i2q69rbNAAPk
 Socket connected: -hfLL7qJRPRaOSmuAAPn
 Socket connected: UAYUS8T4pdiTxINRAAPp
 Socket connected: EJI-Pwq9fcwowgVBAAPr
 Socket connected: gE9a347JqCnvkaofAAPt
 Socket connected: MpNenUuWlHwksK8XAAPv
 Socket connected: QzNCnp7FmJnCbVDvAAPx
 Socket connected: mRG7cflxPX9F0hNkAAPz
 Socket connected: AdzkbDrprgqL3MPnAAP1
 Socket connected: lXEiVUWmbUrYnxxjAAP3
 Socket connected: jJ9OO6_AZV3TiHb-AAP5
 Socket connected: VNJNk18BUUL-QulLAAP7
 Socket connected: Z9Qjo0CZwyH5dr4WAAP-
 Socket connected: mF_onofANsD6uf20AAQA
 Socket connected: BiqURYoCsf04tD-7AAQC
 Socket connected: 1ZHzrWc8dk7OvjnyAAQE
 Socket connected: _FhA-sJkwMa4eUGKAAQG
 Socket connected: pZBxLhHyiH1wtYc5AAQI
 Socket connected: 18pUvoxKDGysbDExAAQK
 Socket connected: ytbDyKJKT7x_5mQaAAQM
 Socket connected: 3Ram3TGxl-_0rv6DAAQO
 Socket connected: zB3A653gpsv43DLRAAQQ
 Socket connected: XExGq5Twi7d5udAEAAQS
 Socket connected: TYaXEx7O_YLRDUTBAAQU
 Socket connected: PjBwjOiPKS-1zBkTAAQW
 Socket connected: T5Xg-fPf50vNs7DIAAQY
 Socket connected: Qvb3TkJDOkVcezthAAQa
 Socket connected: DtgL-59Xwi3Jbh0yAAQc
 Socket connected: SVWIwoswjZPtxxu1AAQe
 Socket connected: l0PHe9B_BFNx0y9KAAQh
 Socket connected: IAqEiUGuh2WaGK7cAAQj
 Socket connected: ZRVN3ojKpAgQkW84AAQl
 Socket connected: vVZlxiqFXJqRmErMAAQn
 Socket connected: _w6TkrVr6dcTw38_AAQp
 Socket connected: 7TW6IP60kzNL9H_lAAQr
 Socket connected: rqxly7sO46rS0FUAAAQt
 Socket connected: Nx-tT0t8MJYukr4xAAQv
 Socket connected: 0ZD1udCUY0Q7wo1AAAQx
 Socket connected: tBaEUXEvIS0Qb6ksAAQz
 Socket connected: o_9Dr5bW6LuBaw45AAQ1
 Socket connected: 8ZXvzsemqQYlU7XFAAQ3
 Socket connected: JsmneXTlTWpedXhuAAQ5
 Socket connected: boSsbUYtI_I3cGQGAAQ7
 Socket connected: BeTVgU8W98LeoubWAAQ9
 Socket connected: FZQy9bs0KoXt9bkkAAQ_
 Socket connected: 3jpyP1ghEtjExNqCAARB
 Socket connected: xsQAVKgt0KPMSqFLAARD
 Socket connected: yudgObFF9qX0mHcNAARG
 Socket connected: 2Kum1rc6ceACSd6YAARI
 Socket connected: PgTDEpAlA-bJGv05AARK
 Socket connected: I3sX8qfy31a5MZpJAARM
 Socket connected: j6Zz_OtmT5Mh2yw7AARP
 Socket connected: b2RJhDnbw0qCOHh1AARQ
 Socket connected: ERT46312Aj3r3WStAARS
 Socket connected: YhvRG3ebZwN7RxsWAARU
 Socket connected: I_nFdewntJ6ervxSAARW
 Socket connected: RNzAcnE7khwu1r4NAARY
 Socket connected: 7qtmExVvCLNfT13EAARa
 Socket connected: hXCN1j6K8UXfSUFCAARc
 Socket connected: jgUd2kCH9mC7O_UrAARe
 Socket connected: xM4c3wKgDVK9e69pAARg
 Socket connected: WWNqWlal6JEloIxDAARi
 Socket connected: 3TAeI59KXvoJkNUQAARk
 Socket connected: 9w7ZYgx_hqI2H-J8AARm
 Socket connected: mVYyyFh1JJmkfoPnAARp
 Socket connected: LthFLKXqishS3jm1AARq
 Socket connected: PSJz3K-wUKBK7t2QAARs
 Socket connected: SFPDxHJSo6tq_ID3AARu
 Socket connected: 4DjwnKvVR_bsdKJaAARw
 Socket connected: pvyzjNXg6RNLddfdAARy
 Socket connected: CFazUw_IzGK7xgEDAAR0
 Socket connected: z6U0dKS7MyuWMa8TAAR2
 Socket connected: Z-p6J5gY968Xt4jIAAR4
 Socket connected: ZshiIKXKkW_6CVmDAAR6
 Socket connected: OGJU4QovJq82sMilAAR8
 Socket connected: 9wDwsJLu6FHrATT1AAR-
 Socket connected: qVBGmioQxeo0kC2kAASA
 Socket connected: 6HBC4lnsGh0vM6C9AASC
 Socket connected: 6MVqrAMn5m4-9qiuAASE
 Socket connected: LsX6PgmXWlPWu4_KAASG
 Socket connected: OrSad1hxObiblB1RAASI
 Socket connected: lWWJ8vZGFVW5aDdZAASL
 Socket connected: xU2X0sF64vrTm8HVAASN
 Socket connected: AwDgOuvbMMhE1qcwAASP
 Socket connected: 81i5pJglHhoxQlHUAASR
 Socket connected: wno3H5LOBQFoAhiZAAST
 Socket connected: oxFwqe9wA240lo6RAASV
 Socket connected: wVaLP2S3df6ITCceAASX
 Socket connected: XWvRGWZ7c0c2BQ4WAASZ
 Socket connected: c5QmpnqjweLkuo_kAASb
 Socket connected: QR7koMPTyZ3bTJMFAASe
 Socket connected: 6FSYJOZ9sIcxy995AASg
 Socket connected: hubEexsJv5szGZd2AASm
 Socket connected: en0pqSm7KG_s_cHOAASo
 Server listening on port 3000
 MongoDB connected
 Socket connected: -e5e286QBOJKu4CiAAAB
 Server listening on port 3000
 MongoDB connected
 Socket connected: -Ei-tMqPAMCxneOTAAAB
 Socket connected: bEzkQmOAfswWtUYZAAAD
 Socket connected: _uJVcsYmDQsi2O9bAAAF
 Socket connected: X2D788La7XfaW5w_AAAH
 Socket connected: EMOavS9wRxxhfuiUAAAJ
